<?xml version="1.0" encoding="UTF-8"?>
<testng-results ignored="0" total="2" passed="2" failed="0" skipped="0">
  <reporter-output>
  </reporter-output>
  <suite started-at="2022-07-13T10:24:19 IST" name="Suite" finished-at="2022-07-13T10:24:19 IST" duration-ms="661">
    <groups>
    </groups>
    <test started-at="2022-07-13T10:24:19 IST" name="Test" finished-at="2022-07-13T10:24:19 IST" duration-ms="661">
      <class name="teamRCB_Test.TeamRCBValidation">
        <test-method is-config="true" signature="teamRCB()[pri:0, instance:teamRCB_Test.TeamRCBValidation@188715b5]" started-at="2022-07-13T10:24:19 IST" name="teamRCB" finished-at="2022-07-13T10:24:19 IST" duration-ms="200" status="PASS">
          <reporter-output>
          </reporter-output>
        </test-method> <!-- teamRCB -->
        <test-method signature="validateForeignPlayers()[pri:0, instance:teamRCB_Test.TeamRCBValidation@188715b5]" started-at="2022-07-13T10:24:19 IST" name="validateForeignPlayers" finished-at="2022-07-13T10:24:19 IST" duration-ms="54" status="PASS">
          <reporter-output>
          </reporter-output>
        </test-method> <!-- validateForeignPlayers -->
        <test-method signature="validateWicketKeeper()[pri:0, instance:teamRCB_Test.TeamRCBValidation@188715b5]" started-at="2022-07-13T10:24:19 IST" name="validateWicketKeeper" finished-at="2022-07-13T10:24:19 IST" duration-ms="32" status="PASS">
          <reporter-output>
          </reporter-output>
        </test-method> <!-- validateWicketKeeper -->
      </class> <!-- teamRCB_Test.TeamRCBValidation -->
    </test> <!-- Test -->
  </suite> <!-- Suite -->
</testng-results>
